<?xml version="1.0" encoding="UTF-8"?>
<!-- Generated by org.testng.reporters.JUnitReportReporter -->
<testsuite hostname="IBM-184GDN3" failures="0" tests="2" name="lumaapplication.CreateLumaApplication" time="17.141" errors="0" timestamp="2023-01-10T10:50:05 IST" skipped="0">
  <testcase classname="lumaapplication.CreateLumaApplication" name="CreateAppliation" time="6.542"/>
  <testcase classname="lumaapplication.CreateLumaApplication" name="AddAddress" time="10.599"/>
</testsuite> <!-- lumaapplication.CreateLumaApplication -->
