<?xml version="1.0" encoding="UTF-8"?>
<!-- Generated by org.testng.reporters.JUnitReportReporter -->
<testsuite hostname="IBM-184GDN3" failures="0" tests="1" name="servicenow.TC01_LoginPositive" time="9.365" errors="0" timestamp="2023-01-10T16:09:19 IST" skipped="0">
  <testcase classname="servicenow.TC01_LoginPositive" name="Loginvalidations" time="9.365"/>
</testsuite> <!-- servicenow.TC01_LoginPositive -->
